<?xml version="1.0" encoding="UTF-8"?>
<!-- Generated by org.testng.reporters.JUnitXMLReporter -->
<testsuite hostname="DESKTOP-7ELKK84" ignored="0" name="Surefire test" tests="3" failures="0" timestamp="2020-06-11T22:03:20 EEST" time="58.881" errors="0">
  <testcase name="checkCountOfIpadInStockTest" time="1.357" classname="test.CheckCountOfIpadInStockTest"/>
  <testcase name="checkItemsContainsInOrderTest" time="20.138" classname="test.CheckItemsContainsInOrderTest"/>
  <testcase name="checkOutOfStockTest" time="28.041" classname="test.CheckOutOfStockTest"/>
</testsuite> <!-- Surefire test -->
